ARM GAS  /tmp/ccHCx5tI.s 			page 1


   1              		.cpu cortex-m4
   2              		.arch armv7e-m
   3              		.fpu fpv4-sp-d16
   4              		.eabi_attribute 27, 1
   5              		.eabi_attribute 28, 1
   6              		.eabi_attribute 20, 1
   7              		.eabi_attribute 21, 1
   8              		.eabi_attribute 23, 3
   9              		.eabi_attribute 24, 1
  10              		.eabi_attribute 25, 1
  11              		.eabi_attribute 26, 1
  12              		.eabi_attribute 30, 1
  13              		.eabi_attribute 34, 1
  14              		.eabi_attribute 18, 4
  15              		.file	"receiverTask.c"
  16              		.text
  17              	.Ltext0:
  18              		.cfi_sections	.debug_frame
  19              		.file 1 "Core/Src/receiverTask.c"
  20              		.section	.rodata.receiverTask.str1.4,"aMS",%progbits,1
  21              		.align	2
  22              	.LC0:
  23 0000 686F2072 		.ascii	"ho ricevuto un %f\012\000"
  23      69636576 
  23      75746F20 
  23      756E2025 
  23      660A00
  24 0013 00       		.align	2
  25              	.LC1:
  26 0014 61692066 		.ascii	"ai fini di non avere int a optimized out, %d\012\000"
  26      696E6920 
  26      6469206E 
  26      6F6E2061 
  26      76657265 
  27              		.section	.text.receiverTask,"ax",%progbits
  28              		.align	1
  29              		.global	receiverTask
  30              		.syntax unified
  31              		.thumb
  32              		.thumb_func
  34              	receiverTask:
  35              	.LFB137:
   1:Core/Src/receiverTask.c **** #include "receiverTask.h"
   2:Core/Src/receiverTask.c **** #include <stdio.h>
   3:Core/Src/receiverTask.c **** 
   4:Core/Src/receiverTask.c **** extern QueueHandle_t q;
   5:Core/Src/receiverTask.c **** 
   6:Core/Src/receiverTask.c **** void receiverTask(void* argument) {
  36              		.loc 1 6 35 view -0
  37              		.cfi_startproc
  38              		@ args = 0, pretend = 0, frame = 8
  39              		@ frame_needed = 0, uses_anonymous_args = 0
  40              	.LVL0:
  41              		.loc 1 6 35 is_stmt 0 view .LVU1
  42 0000 00B5     		push	{lr}
  43              		.cfi_def_cfa_offset 4
  44              		.cfi_offset 14, -4
ARM GAS  /tmp/ccHCx5tI.s 			page 2


  45 0002 83B0     		sub	sp, sp, #12
  46              		.cfi_def_cfa_offset 16
  47              	.LVL1:
  48              	.L2:
   7:Core/Src/receiverTask.c **** 	int a = 0;
   8:Core/Src/receiverTask.c **** 	float msg;
  49              		.loc 1 8 2 is_stmt 1 view .LVU2
   9:Core/Src/receiverTask.c **** 	while(1) {
  50              		.loc 1 9 2 view .LVU3
  10:Core/Src/receiverTask.c **** 		// xQueueReceive(q, (void*)&msg, portMAX_DELAY);
  11:Core/Src/receiverTask.c **** 		xQueueReceive(q, &msg, portMAX_DELAY);
  51              		.loc 1 11 3 view .LVU4
  52 0004 4FF0FF32 		mov	r2, #-1
  53 0008 01A9     		add	r1, sp, #4
  54 000a 084B     		ldr	r3, .L4
  55 000c 1868     		ldr	r0, [r3]
  56 000e FFF7FEFF 		bl	xQueueReceive
  57              	.LVL2:
  12:Core/Src/receiverTask.c **** 		printf("ho ricevuto un %f\n", msg);
  58              		.loc 1 12 3 view .LVU5
  59 0012 0198     		ldr	r0, [sp, #4]	@ float
  60 0014 FFF7FEFF 		bl	__aeabi_f2d
  61              	.LVL3:
  62 0018 0246     		mov	r2, r0
  63 001a 0B46     		mov	r3, r1
  64 001c 0448     		ldr	r0, .L4+4
  65 001e FFF7FEFF 		bl	printf
  66              	.LVL4:
  13:Core/Src/receiverTask.c **** 		printf("ai fini di non avere int a optimized out, %d\n", a);
  67              		.loc 1 13 3 discriminator 1 view .LVU6
  68 0022 0021     		movs	r1, #0
  69 0024 0348     		ldr	r0, .L4+8
  70 0026 FFF7FEFF 		bl	printf
  71              	.LVL5:
   9:Core/Src/receiverTask.c **** 		// xQueueReceive(q, (void*)&msg, portMAX_DELAY);
  72              		.loc 1 9 7 view .LVU7
  73 002a EBE7     		b	.L2
  74              	.L5:
  75              		.align	2
  76              	.L4:
  77 002c 00000000 		.word	q
  78 0030 00000000 		.word	.LC0
  79 0034 14000000 		.word	.LC1
  80              		.cfi_endproc
  81              	.LFE137:
  83              		.text
  84              	.Letext0:
  85              		.file 2 "/home/nil/.config/VSCodium/User/globalStorage/bmd.stm32-for-vscode/@xpack-dev-tools/arm-n
  86              		.file 3 "/home/nil/.config/VSCodium/User/globalStorage/bmd.stm32-for-vscode/@xpack-dev-tools/arm-n
  87              		.file 4 "Middlewares/Third_Party/FreeRTOS/Source/portable/GCC/ARM_CM4F/portmacro.h"
  88              		.file 5 "Middlewares/Third_Party/FreeRTOS/Source/include/queue.h"
  89              		.file 6 "/home/nil/.config/VSCodium/User/globalStorage/bmd.stm32-for-vscode/@xpack-dev-tools/arm-n
ARM GAS  /tmp/ccHCx5tI.s 			page 3


DEFINED SYMBOLS
                            *ABS*:00000000 receiverTask.c
     /tmp/ccHCx5tI.s:21     .rodata.receiverTask.str1.4:00000000 $d
     /tmp/ccHCx5tI.s:28     .text.receiverTask:00000000 $t
     /tmp/ccHCx5tI.s:34     .text.receiverTask:00000000 receiverTask
     /tmp/ccHCx5tI.s:77     .text.receiverTask:0000002c $d

UNDEFINED SYMBOLS
xQueueReceive
__aeabi_f2d
printf
q
