ARM GAS  /tmp/ccCfNuQK.s 			page 1


   1              		.cpu cortex-m4
   2              		.arch armv7e-m
   3              		.fpu fpv4-sp-d16
   4              		.eabi_attribute 27, 1
   5              		.eabi_attribute 28, 1
   6              		.eabi_attribute 20, 1
   7              		.eabi_attribute 21, 1
   8              		.eabi_attribute 23, 3
   9              		.eabi_attribute 24, 1
  10              		.eabi_attribute 25, 1
  11              		.eabi_attribute 26, 1
  12              		.eabi_attribute 30, 1
  13              		.eabi_attribute 34, 1
  14              		.eabi_attribute 18, 4
  15              		.file	"stm32f4xx_hal_timebase_tim.c"
  16              		.text
  17              	.Ltext0:
  18              		.cfi_sections	.debug_frame
  19              		.file 1 "Core/Src/stm32f4xx_hal_timebase_tim.c"
  20              		.section	.text.HAL_InitTick,"ax",%progbits
  21              		.align	1
  22              		.global	HAL_InitTick
  23              		.syntax unified
  24              		.thumb
  25              		.thumb_func
  27              	HAL_InitTick:
  28              	.LVL0:
  29              	.LFB130:
   1:Core/Src/stm32f4xx_hal_timebase_tim.c **** /* USER CODE BEGIN Header */
   2:Core/Src/stm32f4xx_hal_timebase_tim.c **** /**
   3:Core/Src/stm32f4xx_hal_timebase_tim.c ****   ******************************************************************************
   4:Core/Src/stm32f4xx_hal_timebase_tim.c ****   * @file    stm32f4xx_hal_timebase_TIM.c
   5:Core/Src/stm32f4xx_hal_timebase_tim.c ****   * @brief   HAL time base based on the hardware TIM.
   6:Core/Src/stm32f4xx_hal_timebase_tim.c ****   ******************************************************************************
   7:Core/Src/stm32f4xx_hal_timebase_tim.c ****   * @attention
   8:Core/Src/stm32f4xx_hal_timebase_tim.c ****   *
   9:Core/Src/stm32f4xx_hal_timebase_tim.c ****   * Copyright (c) 2026 STMicroelectronics.
  10:Core/Src/stm32f4xx_hal_timebase_tim.c ****   * All rights reserved.
  11:Core/Src/stm32f4xx_hal_timebase_tim.c ****   *
  12:Core/Src/stm32f4xx_hal_timebase_tim.c ****   * This software is licensed under terms that can be found in the LICENSE file
  13:Core/Src/stm32f4xx_hal_timebase_tim.c ****   * in the root directory of this software component.
  14:Core/Src/stm32f4xx_hal_timebase_tim.c ****   * If no LICENSE file comes with this software, it is provided AS-IS.
  15:Core/Src/stm32f4xx_hal_timebase_tim.c ****   *
  16:Core/Src/stm32f4xx_hal_timebase_tim.c ****   ******************************************************************************
  17:Core/Src/stm32f4xx_hal_timebase_tim.c ****   */
  18:Core/Src/stm32f4xx_hal_timebase_tim.c **** /* USER CODE END Header */
  19:Core/Src/stm32f4xx_hal_timebase_tim.c **** 
  20:Core/Src/stm32f4xx_hal_timebase_tim.c **** /* Includes ------------------------------------------------------------------*/
  21:Core/Src/stm32f4xx_hal_timebase_tim.c **** #include "stm32f4xx_hal.h"
  22:Core/Src/stm32f4xx_hal_timebase_tim.c **** #include "stm32f4xx_hal_tim.h"
  23:Core/Src/stm32f4xx_hal_timebase_tim.c **** 
  24:Core/Src/stm32f4xx_hal_timebase_tim.c **** /* Private typedef -----------------------------------------------------------*/
  25:Core/Src/stm32f4xx_hal_timebase_tim.c **** /* Private define ------------------------------------------------------------*/
  26:Core/Src/stm32f4xx_hal_timebase_tim.c **** /* Private macro -------------------------------------------------------------*/
  27:Core/Src/stm32f4xx_hal_timebase_tim.c **** /* Private variables ---------------------------------------------------------*/
  28:Core/Src/stm32f4xx_hal_timebase_tim.c **** TIM_HandleTypeDef        htim1;
  29:Core/Src/stm32f4xx_hal_timebase_tim.c **** /* Private function prototypes -----------------------------------------------*/
ARM GAS  /tmp/ccCfNuQK.s 			page 2


  30:Core/Src/stm32f4xx_hal_timebase_tim.c **** /* Private functions ---------------------------------------------------------*/
  31:Core/Src/stm32f4xx_hal_timebase_tim.c **** 
  32:Core/Src/stm32f4xx_hal_timebase_tim.c **** /**
  33:Core/Src/stm32f4xx_hal_timebase_tim.c ****   * @brief  This function configures the TIM1 as a time base source.
  34:Core/Src/stm32f4xx_hal_timebase_tim.c ****   *         The time source is configured  to have 1ms time base with a dedicated
  35:Core/Src/stm32f4xx_hal_timebase_tim.c ****   *         Tick interrupt priority.
  36:Core/Src/stm32f4xx_hal_timebase_tim.c ****   * @note   This function is called  automatically at the beginning of program after
  37:Core/Src/stm32f4xx_hal_timebase_tim.c ****   *         reset by HAL_Init() or at any time when clock is configured, by HAL_RCC_ClockConfig().
  38:Core/Src/stm32f4xx_hal_timebase_tim.c ****   * @param  TickPriority: Tick interrupt priority.
  39:Core/Src/stm32f4xx_hal_timebase_tim.c ****   * @retval HAL status
  40:Core/Src/stm32f4xx_hal_timebase_tim.c ****   */
  41:Core/Src/stm32f4xx_hal_timebase_tim.c **** HAL_StatusTypeDef HAL_InitTick(uint32_t TickPriority)
  42:Core/Src/stm32f4xx_hal_timebase_tim.c **** {
  30              		.loc 1 42 1 view -0
  31              		.cfi_startproc
  32              		@ args = 0, pretend = 0, frame = 32
  33              		@ frame_needed = 0, uses_anonymous_args = 0
  34              		.loc 1 42 1 is_stmt 0 view .LVU1
  35 0000 30B5     		push	{r4, r5, lr}
  36              		.cfi_def_cfa_offset 12
  37              		.cfi_offset 4, -12
  38              		.cfi_offset 5, -8
  39              		.cfi_offset 14, -4
  40 0002 89B0     		sub	sp, sp, #36
  41              		.cfi_def_cfa_offset 48
  42 0004 0546     		mov	r5, r0
  43:Core/Src/stm32f4xx_hal_timebase_tim.c ****   RCC_ClkInitTypeDef    clkconfig;
  43              		.loc 1 43 3 is_stmt 1 view .LVU2
  44:Core/Src/stm32f4xx_hal_timebase_tim.c ****   uint32_t              uwTimclock = 0U;
  44              		.loc 1 44 3 view .LVU3
  45              	.LVL1:
  45:Core/Src/stm32f4xx_hal_timebase_tim.c **** 
  46:Core/Src/stm32f4xx_hal_timebase_tim.c ****   uint32_t              uwPrescalerValue = 0U;
  46              		.loc 1 46 3 view .LVU4
  47:Core/Src/stm32f4xx_hal_timebase_tim.c ****   uint32_t              pFLatency;
  47              		.loc 1 47 3 view .LVU5
  48:Core/Src/stm32f4xx_hal_timebase_tim.c ****   HAL_StatusTypeDef     status;
  48              		.loc 1 48 3 view .LVU6
  49:Core/Src/stm32f4xx_hal_timebase_tim.c **** 
  50:Core/Src/stm32f4xx_hal_timebase_tim.c ****   /* Enable TIM1 clock */
  51:Core/Src/stm32f4xx_hal_timebase_tim.c ****   __HAL_RCC_TIM1_CLK_ENABLE();
  49              		.loc 1 51 3 view .LVU7
  50              	.LBB2:
  51              		.loc 1 51 3 view .LVU8
  52 0006 0024     		movs	r4, #0
  53 0008 0194     		str	r4, [sp, #4]
  54              		.loc 1 51 3 view .LVU9
  55 000a 1D4B     		ldr	r3, .L7
  56 000c 5A6C     		ldr	r2, [r3, #68]
  57 000e 42F00102 		orr	r2, r2, #1
  58 0012 5A64     		str	r2, [r3, #68]
  59              		.loc 1 51 3 view .LVU10
  60 0014 5B6C     		ldr	r3, [r3, #68]
  61 0016 03F00103 		and	r3, r3, #1
  62 001a 0193     		str	r3, [sp, #4]
  63              		.loc 1 51 3 view .LVU11
  64 001c 019B     		ldr	r3, [sp, #4]
ARM GAS  /tmp/ccCfNuQK.s 			page 3


  65              	.LBE2:
  66              		.loc 1 51 3 view .LVU12
  52:Core/Src/stm32f4xx_hal_timebase_tim.c **** 
  53:Core/Src/stm32f4xx_hal_timebase_tim.c ****   /* Get clock configuration */
  54:Core/Src/stm32f4xx_hal_timebase_tim.c ****   HAL_RCC_GetClockConfig(&clkconfig, &pFLatency);
  67              		.loc 1 54 3 view .LVU13
  68 001e 02A9     		add	r1, sp, #8
  69 0020 03A8     		add	r0, sp, #12
  70              	.LVL2:
  71              		.loc 1 54 3 is_stmt 0 view .LVU14
  72 0022 FFF7FEFF 		bl	HAL_RCC_GetClockConfig
  73              	.LVL3:
  55:Core/Src/stm32f4xx_hal_timebase_tim.c **** 
  56:Core/Src/stm32f4xx_hal_timebase_tim.c ****   /* Compute TIM1 clock */
  57:Core/Src/stm32f4xx_hal_timebase_tim.c ****       uwTimclock = HAL_RCC_GetPCLK2Freq();
  74              		.loc 1 57 7 is_stmt 1 view .LVU15
  75              		.loc 1 57 20 is_stmt 0 view .LVU16
  76 0026 FFF7FEFF 		bl	HAL_RCC_GetPCLK2Freq
  77              	.LVL4:
  58:Core/Src/stm32f4xx_hal_timebase_tim.c **** 
  59:Core/Src/stm32f4xx_hal_timebase_tim.c ****   /* Compute the prescaler value to have TIM1 counter clock equal to 1MHz */
  60:Core/Src/stm32f4xx_hal_timebase_tim.c ****   uwPrescalerValue = (uint32_t) ((uwTimclock / 1000000U) - 1U);
  78              		.loc 1 60 3 is_stmt 1 view .LVU17
  79              		.loc 1 60 46 is_stmt 0 view .LVU18
  80 002a 164A     		ldr	r2, .L7+4
  81 002c A2FB0023 		umull	r2, r3, r2, r0
  82              	.LVL5:
  83              		.loc 1 60 46 view .LVU19
  84 0030 9B0C     		lsrs	r3, r3, #18
  85              		.loc 1 60 20 view .LVU20
  86 0032 013B     		subs	r3, r3, #1
  87              	.LVL6:
  61:Core/Src/stm32f4xx_hal_timebase_tim.c **** 
  62:Core/Src/stm32f4xx_hal_timebase_tim.c ****   /* Initialize TIM1 */
  63:Core/Src/stm32f4xx_hal_timebase_tim.c ****   htim1.Instance = TIM1;
  88              		.loc 1 63 3 is_stmt 1 view .LVU21
  89              		.loc 1 63 18 is_stmt 0 view .LVU22
  90 0034 1448     		ldr	r0, .L7+8
  91 0036 154A     		ldr	r2, .L7+12
  92 0038 0260     		str	r2, [r0]
  64:Core/Src/stm32f4xx_hal_timebase_tim.c **** 
  65:Core/Src/stm32f4xx_hal_timebase_tim.c ****   /* Initialize TIMx peripheral as follow:
  66:Core/Src/stm32f4xx_hal_timebase_tim.c **** 
  67:Core/Src/stm32f4xx_hal_timebase_tim.c ****   + Period = [(TIM1CLK/1000) - 1]. to have a (1/1000) s time base.
  68:Core/Src/stm32f4xx_hal_timebase_tim.c ****   + Prescaler = (uwTimclock/1000000 - 1) to have a 1MHz counter clock.
  69:Core/Src/stm32f4xx_hal_timebase_tim.c ****   + ClockDivision = 0
  70:Core/Src/stm32f4xx_hal_timebase_tim.c ****   + Counter direction = Up
  71:Core/Src/stm32f4xx_hal_timebase_tim.c ****   */
  72:Core/Src/stm32f4xx_hal_timebase_tim.c ****   htim1.Init.Period = (1000000U / 1000U) - 1U;
  93              		.loc 1 72 3 is_stmt 1 view .LVU23
  94              		.loc 1 72 21 is_stmt 0 view .LVU24
  95 003a 40F2E732 		movw	r2, #999
  96 003e C260     		str	r2, [r0, #12]
  73:Core/Src/stm32f4xx_hal_timebase_tim.c ****   htim1.Init.Prescaler = uwPrescalerValue;
  97              		.loc 1 73 3 is_stmt 1 view .LVU25
  98              		.loc 1 73 24 is_stmt 0 view .LVU26
  99 0040 4360     		str	r3, [r0, #4]
ARM GAS  /tmp/ccCfNuQK.s 			page 4


  74:Core/Src/stm32f4xx_hal_timebase_tim.c ****   htim1.Init.ClockDivision = 0;
 100              		.loc 1 74 3 is_stmt 1 view .LVU27
 101              		.loc 1 74 28 is_stmt 0 view .LVU28
 102 0042 0461     		str	r4, [r0, #16]
  75:Core/Src/stm32f4xx_hal_timebase_tim.c ****   htim1.Init.CounterMode = TIM_COUNTERMODE_UP;
 103              		.loc 1 75 3 is_stmt 1 view .LVU29
 104              		.loc 1 75 26 is_stmt 0 view .LVU30
 105 0044 8460     		str	r4, [r0, #8]
  76:Core/Src/stm32f4xx_hal_timebase_tim.c ****   htim1.Init.AutoReloadPreload = TIM_AUTORELOAD_PRELOAD_DISABLE;
 106              		.loc 1 76 3 is_stmt 1 view .LVU31
 107              		.loc 1 76 32 is_stmt 0 view .LVU32
 108 0046 8461     		str	r4, [r0, #24]
  77:Core/Src/stm32f4xx_hal_timebase_tim.c **** 
  78:Core/Src/stm32f4xx_hal_timebase_tim.c ****   status = HAL_TIM_Base_Init(&htim1);
 109              		.loc 1 78 3 is_stmt 1 view .LVU33
 110              		.loc 1 78 12 is_stmt 0 view .LVU34
 111 0048 FFF7FEFF 		bl	HAL_TIM_Base_Init
 112              	.LVL7:
  79:Core/Src/stm32f4xx_hal_timebase_tim.c ****   if (status == HAL_OK)
 113              		.loc 1 79 3 is_stmt 1 view .LVU35
 114              		.loc 1 79 6 is_stmt 0 view .LVU36
 115 004c 0446     		mov	r4, r0
 116 004e 10B1     		cbz	r0, .L5
 117              	.LVL8:
 118              	.L2:
  80:Core/Src/stm32f4xx_hal_timebase_tim.c ****   {
  81:Core/Src/stm32f4xx_hal_timebase_tim.c ****     /* Start the TIM time Base generation in interrupt mode */
  82:Core/Src/stm32f4xx_hal_timebase_tim.c ****     status = HAL_TIM_Base_Start_IT(&htim1);
  83:Core/Src/stm32f4xx_hal_timebase_tim.c ****     if (status == HAL_OK)
  84:Core/Src/stm32f4xx_hal_timebase_tim.c ****     {
  85:Core/Src/stm32f4xx_hal_timebase_tim.c ****     /* Enable the TIM1 global Interrupt */
  86:Core/Src/stm32f4xx_hal_timebase_tim.c ****         HAL_NVIC_EnableIRQ(TIM1_UP_TIM10_IRQn);
  87:Core/Src/stm32f4xx_hal_timebase_tim.c ****       /* Configure the SysTick IRQ priority */
  88:Core/Src/stm32f4xx_hal_timebase_tim.c ****       if (TickPriority < (1UL << __NVIC_PRIO_BITS))
  89:Core/Src/stm32f4xx_hal_timebase_tim.c ****       {
  90:Core/Src/stm32f4xx_hal_timebase_tim.c ****         /* Configure the TIM IRQ priority */
  91:Core/Src/stm32f4xx_hal_timebase_tim.c ****         HAL_NVIC_SetPriority(TIM1_UP_TIM10_IRQn, TickPriority, 0U);
  92:Core/Src/stm32f4xx_hal_timebase_tim.c ****         uwTickPrio = TickPriority;
  93:Core/Src/stm32f4xx_hal_timebase_tim.c ****       }
  94:Core/Src/stm32f4xx_hal_timebase_tim.c ****       else
  95:Core/Src/stm32f4xx_hal_timebase_tim.c ****       {
  96:Core/Src/stm32f4xx_hal_timebase_tim.c ****         status = HAL_ERROR;
  97:Core/Src/stm32f4xx_hal_timebase_tim.c ****       }
  98:Core/Src/stm32f4xx_hal_timebase_tim.c ****     }
  99:Core/Src/stm32f4xx_hal_timebase_tim.c ****   }
 100:Core/Src/stm32f4xx_hal_timebase_tim.c **** 
 101:Core/Src/stm32f4xx_hal_timebase_tim.c ****  /* Return function status */
 102:Core/Src/stm32f4xx_hal_timebase_tim.c ****   return status;
 119              		.loc 1 102 3 is_stmt 1 view .LVU37
 103:Core/Src/stm32f4xx_hal_timebase_tim.c **** }
 120              		.loc 1 103 1 is_stmt 0 view .LVU38
 121 0050 2046     		mov	r0, r4
 122 0052 09B0     		add	sp, sp, #36
 123              		.cfi_remember_state
 124              		.cfi_def_cfa_offset 12
 125              		@ sp needed
 126 0054 30BD     		pop	{r4, r5, pc}
ARM GAS  /tmp/ccCfNuQK.s 			page 5


 127              	.LVL9:
 128              	.L5:
 129              		.cfi_restore_state
  82:Core/Src/stm32f4xx_hal_timebase_tim.c ****     if (status == HAL_OK)
 130              		.loc 1 82 5 is_stmt 1 view .LVU39
  82:Core/Src/stm32f4xx_hal_timebase_tim.c ****     if (status == HAL_OK)
 131              		.loc 1 82 14 is_stmt 0 view .LVU40
 132 0056 0C48     		ldr	r0, .L7+8
 133              	.LVL10:
  82:Core/Src/stm32f4xx_hal_timebase_tim.c ****     if (status == HAL_OK)
 134              		.loc 1 82 14 view .LVU41
 135 0058 FFF7FEFF 		bl	HAL_TIM_Base_Start_IT
 136              	.LVL11:
  83:Core/Src/stm32f4xx_hal_timebase_tim.c ****     {
 137              		.loc 1 83 5 is_stmt 1 view .LVU42
  83:Core/Src/stm32f4xx_hal_timebase_tim.c ****     {
 138              		.loc 1 83 8 is_stmt 0 view .LVU43
 139 005c 0446     		mov	r4, r0
 140 005e 0028     		cmp	r0, #0
 141 0060 F6D1     		bne	.L2
  86:Core/Src/stm32f4xx_hal_timebase_tim.c ****       /* Configure the SysTick IRQ priority */
 142              		.loc 1 86 9 is_stmt 1 view .LVU44
 143 0062 1920     		movs	r0, #25
 144              	.LVL12:
  86:Core/Src/stm32f4xx_hal_timebase_tim.c ****       /* Configure the SysTick IRQ priority */
 145              		.loc 1 86 9 is_stmt 0 view .LVU45
 146 0064 FFF7FEFF 		bl	HAL_NVIC_EnableIRQ
 147              	.LVL13:
  88:Core/Src/stm32f4xx_hal_timebase_tim.c ****       {
 148              		.loc 1 88 7 is_stmt 1 view .LVU46
  88:Core/Src/stm32f4xx_hal_timebase_tim.c ****       {
 149              		.loc 1 88 10 is_stmt 0 view .LVU47
 150 0068 0F2D     		cmp	r5, #15
 151 006a 01D9     		bls	.L6
  96:Core/Src/stm32f4xx_hal_timebase_tim.c ****       }
 152              		.loc 1 96 16 view .LVU48
 153 006c 0124     		movs	r4, #1
 154              	.LVL14:
  96:Core/Src/stm32f4xx_hal_timebase_tim.c ****       }
 155              		.loc 1 96 16 view .LVU49
 156 006e EFE7     		b	.L2
 157              	.LVL15:
 158              	.L6:
  91:Core/Src/stm32f4xx_hal_timebase_tim.c ****         uwTickPrio = TickPriority;
 159              		.loc 1 91 9 is_stmt 1 view .LVU50
 160 0070 0022     		movs	r2, #0
 161 0072 2946     		mov	r1, r5
 162 0074 1920     		movs	r0, #25
 163 0076 FFF7FEFF 		bl	HAL_NVIC_SetPriority
 164              	.LVL16:
  92:Core/Src/stm32f4xx_hal_timebase_tim.c ****       }
 165              		.loc 1 92 9 view .LVU51
  92:Core/Src/stm32f4xx_hal_timebase_tim.c ****       }
 166              		.loc 1 92 20 is_stmt 0 view .LVU52
 167 007a 054B     		ldr	r3, .L7+16
 168 007c 1D60     		str	r5, [r3]
 169 007e E7E7     		b	.L2
ARM GAS  /tmp/ccCfNuQK.s 			page 6


 170              	.L8:
 171              		.align	2
 172              	.L7:
 173 0080 00380240 		.word	1073887232
 174 0084 83DE1B43 		.word	1125899907
 175 0088 00000000 		.word	htim1
 176 008c 00000140 		.word	1073807360
 177 0090 00000000 		.word	uwTickPrio
 178              		.cfi_endproc
 179              	.LFE130:
 181              		.section	.text.HAL_SuspendTick,"ax",%progbits
 182              		.align	1
 183              		.global	HAL_SuspendTick
 184              		.syntax unified
 185              		.thumb
 186              		.thumb_func
 188              	HAL_SuspendTick:
 189              	.LFB131:
 104:Core/Src/stm32f4xx_hal_timebase_tim.c **** 
 105:Core/Src/stm32f4xx_hal_timebase_tim.c **** /**
 106:Core/Src/stm32f4xx_hal_timebase_tim.c ****   * @brief  Suspend Tick increment.
 107:Core/Src/stm32f4xx_hal_timebase_tim.c ****   * @note   Disable the tick increment by disabling TIM1 update interrupt.
 108:Core/Src/stm32f4xx_hal_timebase_tim.c ****   * @param  None
 109:Core/Src/stm32f4xx_hal_timebase_tim.c ****   * @retval None
 110:Core/Src/stm32f4xx_hal_timebase_tim.c ****   */
 111:Core/Src/stm32f4xx_hal_timebase_tim.c **** void HAL_SuspendTick(void)
 112:Core/Src/stm32f4xx_hal_timebase_tim.c **** {
 190              		.loc 1 112 1 is_stmt 1 view -0
 191              		.cfi_startproc
 192              		@ args = 0, pretend = 0, frame = 0
 193              		@ frame_needed = 0, uses_anonymous_args = 0
 194              		@ link register save eliminated.
 113:Core/Src/stm32f4xx_hal_timebase_tim.c ****   /* Disable TIM1 update Interrupt */
 114:Core/Src/stm32f4xx_hal_timebase_tim.c ****   __HAL_TIM_DISABLE_IT(&htim1, TIM_IT_UPDATE);
 195              		.loc 1 114 3 view .LVU54
 196 0000 034B     		ldr	r3, .L10
 197 0002 1A68     		ldr	r2, [r3]
 198 0004 D368     		ldr	r3, [r2, #12]
 199 0006 23F00103 		bic	r3, r3, #1
 200 000a D360     		str	r3, [r2, #12]
 115:Core/Src/stm32f4xx_hal_timebase_tim.c **** }
 201              		.loc 1 115 1 is_stmt 0 view .LVU55
 202 000c 7047     		bx	lr
 203              	.L11:
 204 000e 00BF     		.align	2
 205              	.L10:
 206 0010 00000000 		.word	htim1
 207              		.cfi_endproc
 208              	.LFE131:
 210              		.section	.text.HAL_ResumeTick,"ax",%progbits
 211              		.align	1
 212              		.global	HAL_ResumeTick
 213              		.syntax unified
 214              		.thumb
 215              		.thumb_func
 217              	HAL_ResumeTick:
 218              	.LFB132:
ARM GAS  /tmp/ccCfNuQK.s 			page 7


 116:Core/Src/stm32f4xx_hal_timebase_tim.c **** 
 117:Core/Src/stm32f4xx_hal_timebase_tim.c **** /**
 118:Core/Src/stm32f4xx_hal_timebase_tim.c ****   * @brief  Resume Tick increment.
 119:Core/Src/stm32f4xx_hal_timebase_tim.c ****   * @note   Enable the tick increment by Enabling TIM1 update interrupt.
 120:Core/Src/stm32f4xx_hal_timebase_tim.c ****   * @param  None
 121:Core/Src/stm32f4xx_hal_timebase_tim.c ****   * @retval None
 122:Core/Src/stm32f4xx_hal_timebase_tim.c ****   */
 123:Core/Src/stm32f4xx_hal_timebase_tim.c **** void HAL_ResumeTick(void)
 124:Core/Src/stm32f4xx_hal_timebase_tim.c **** {
 219              		.loc 1 124 1 is_stmt 1 view -0
 220              		.cfi_startproc
 221              		@ args = 0, pretend = 0, frame = 0
 222              		@ frame_needed = 0, uses_anonymous_args = 0
 223              		@ link register save eliminated.
 125:Core/Src/stm32f4xx_hal_timebase_tim.c ****   /* Enable TIM1 Update interrupt */
 126:Core/Src/stm32f4xx_hal_timebase_tim.c ****   __HAL_TIM_ENABLE_IT(&htim1, TIM_IT_UPDATE);
 224              		.loc 1 126 3 view .LVU57
 225 0000 034B     		ldr	r3, .L13
 226 0002 1A68     		ldr	r2, [r3]
 227 0004 D368     		ldr	r3, [r2, #12]
 228 0006 43F00103 		orr	r3, r3, #1
 229 000a D360     		str	r3, [r2, #12]
 127:Core/Src/stm32f4xx_hal_timebase_tim.c **** }
 230              		.loc 1 127 1 is_stmt 0 view .LVU58
 231 000c 7047     		bx	lr
 232              	.L14:
 233 000e 00BF     		.align	2
 234              	.L13:
 235 0010 00000000 		.word	htim1
 236              		.cfi_endproc
 237              	.LFE132:
 239              		.global	htim1
 240              		.section	.bss.htim1,"aw",%nobits
 241              		.align	2
 244              	htim1:
 245 0000 00000000 		.space	72
 245      00000000 
 245      00000000 
 245      00000000 
 245      00000000 
 246              		.text
 247              	.Letext0:
 248              		.file 2 "Drivers/CMSIS/Device/ST/STM32F4xx/Include/stm32f446xx.h"
 249              		.file 3 "/home/nil/.config/VSCodium/User/globalStorage/bmd.stm32-for-vscode/@xpack-dev-tools/arm-n
 250              		.file 4 "/home/nil/.config/VSCodium/User/globalStorage/bmd.stm32-for-vscode/@xpack-dev-tools/arm-n
 251              		.file 5 "Drivers/STM32F4xx_HAL_Driver/Inc/stm32f4xx_hal_def.h"
 252              		.file 6 "Drivers/STM32F4xx_HAL_Driver/Inc/stm32f4xx_hal_rcc.h"
 253              		.file 7 "Drivers/STM32F4xx_HAL_Driver/Inc/stm32f4xx_hal_dma.h"
 254              		.file 8 "Drivers/STM32F4xx_HAL_Driver/Inc/stm32f4xx_hal_tim.h"
 255              		.file 9 "Drivers/STM32F4xx_HAL_Driver/Inc/stm32f4xx_hal.h"
 256              		.file 10 "Drivers/STM32F4xx_HAL_Driver/Inc/stm32f4xx_hal_cortex.h"
ARM GAS  /tmp/ccCfNuQK.s 			page 8


DEFINED SYMBOLS
                            *ABS*:00000000 stm32f4xx_hal_timebase_tim.c
     /tmp/ccCfNuQK.s:21     .text.HAL_InitTick:00000000 $t
     /tmp/ccCfNuQK.s:27     .text.HAL_InitTick:00000000 HAL_InitTick
     /tmp/ccCfNuQK.s:173    .text.HAL_InitTick:00000080 $d
     /tmp/ccCfNuQK.s:244    .bss.htim1:00000000 htim1
     /tmp/ccCfNuQK.s:182    .text.HAL_SuspendTick:00000000 $t
     /tmp/ccCfNuQK.s:188    .text.HAL_SuspendTick:00000000 HAL_SuspendTick
     /tmp/ccCfNuQK.s:206    .text.HAL_SuspendTick:00000010 $d
     /tmp/ccCfNuQK.s:211    .text.HAL_ResumeTick:00000000 $t
     /tmp/ccCfNuQK.s:217    .text.HAL_ResumeTick:00000000 HAL_ResumeTick
     /tmp/ccCfNuQK.s:235    .text.HAL_ResumeTick:00000010 $d
     /tmp/ccCfNuQK.s:241    .bss.htim1:00000000 $d

UNDEFINED SYMBOLS
HAL_RCC_GetClockConfig
HAL_RCC_GetPCLK2Freq
HAL_TIM_Base_Init
HAL_TIM_Base_Start_IT
HAL_NVIC_EnableIRQ
HAL_NVIC_SetPriority
uwTickPrio
